<?xml version="1.0" encoding="UTF-8"?>
<testng-results ignored="0" total="2" passed="2" failed="0" skipped="0">
  <reporter-output>
  </reporter-output>
  <suite started-at="2023-12-18T21:17:10 IST" name="Default suite" finished-at="2023-12-18T21:17:16 IST" duration-ms="6417">
    <groups>
    </groups>
    <test started-at="2023-12-18T21:17:10 IST" name="Default test" finished-at="2023-12-18T21:17:16 IST" duration-ms="6417">
      <class name="TestScripts.PaypalAuth2">
        <test-method signature="Token()[pri:49, instance:TestScripts.PaypalAuth2@593aaf41]" started-at="2023-12-18T21:17:10 IST" name="Token" finished-at="2023-12-18T21:17:15 IST" duration-ms="5322" status="PASS">
          <reporter-output>
          </reporter-output>
        </test-method> <!-- Token -->
        <test-method signature="paypalauthrequest()[pri:50, instance:TestScripts.PaypalAuth2@593aaf41]" started-at="2023-12-18T21:17:15 IST" name="paypalauthrequest" finished-at="2023-12-18T21:17:16 IST" duration-ms="1037" status="PASS">
          <reporter-output>
          </reporter-output>
        </test-method> <!-- paypalauthrequest -->
      </class> <!-- TestScripts.PaypalAuth2 -->
    </test> <!-- Default test -->
  </suite> <!-- Default suite -->
</testng-results>
