<?xml version="1.0" encoding="UTF-8"?>
<testng-results ignored="0" total="4" passed="3" failed="1" skipped="0">
  <reporter-output>
  </reporter-output>
  <suite started-at="2023-11-18T13:29:39 IST" name="Default suite" finished-at="2023-11-18T13:29:52 IST" duration-ms="13278">
    <groups>
    </groups>
    <test started-at="2023-11-18T13:29:39 IST" name="Default test" finished-at="2023-11-18T13:29:52 IST" duration-ms="13278">
      <class name="com.app.BusBooking.Testing.HomePageTest">
        <test-method is-config="true" signature="OpenApp()[pri:0, instance:com.app.BusBooking.Testing.HomePageTest@1a75e76a]" started-at="2023-11-18T13:29:39 IST" name="OpenApp" finished-at="2023-11-18T13:29:44 IST" duration-ms="4558" status="PASS">
          <reporter-output>
          </reporter-output>
        </test-method> <!-- OpenApp -->
        <test-method signature="SeatSelector()[pri:0, instance:com.app.BusBooking.Testing.HomePageTest@1a75e76a]" started-at="2023-11-18T13:29:44 IST" name="SeatSelector" finished-at="2023-11-18T13:29:44 IST" duration-ms="10" status="FAIL">
          <exception class="java.lang.IllegalArgumentException">
            <message>
              <![CDATA[Driver must be set]]>
            </message>
            <full-stacktrace>
              <![CDATA[java.lang.IllegalArgumentException: Driver must be set
at org.openqa.selenium.internal.Require.nonNull(Require.java:60)
at org.openqa.selenium.interactions.Actions.<init>(Actions.java:59)
at com.app.BusBooking.PagesLocators.HomePage.SeatSelector(HomePage.java:80)
at com.app.BusBooking.Testing.HomePageTest.SeatSelector(HomePageTest.java:39)
at java.base/jdk.internal.reflect.DirectMethodHandleAccessor.invoke(DirectMethodHandleAccessor.java:104)
at java.base/java.lang.reflect.Method.invoke(Method.java:578)
at org.testng.internal.invokers.MethodInvocationHelper.invokeMethod(MethodInvocationHelper.java:139)
at org.testng.internal.invokers.TestInvoker.invokeMethod(TestInvoker.java:677)
at org.testng.internal.invokers.TestInvoker.invokeTestMethod(TestInvoker.java:221)
at org.testng.internal.invokers.MethodRunner.runInSequence(MethodRunner.java:50)
at org.testng.internal.invokers.TestInvoker$MethodInvocationAgent.invoke(TestInvoker.java:969)
at org.testng.internal.invokers.TestInvoker.invokeTestMethods(TestInvoker.java:194)
at org.testng.internal.invokers.TestMethodWorker.invokeTestMethods(TestMethodWorker.java:148)
at org.testng.internal.invokers.TestMethodWorker.run(TestMethodWorker.java:128)
at java.base/java.util.ArrayList.forEach(ArrayList.java:1511)
at org.testng.TestRunner.privateRun(TestRunner.java:829)
at org.testng.TestRunner.run(TestRunner.java:602)
at org.testng.SuiteRunner.runTest(SuiteRunner.java:437)
at org.testng.SuiteRunner.runSequentially(SuiteRunner.java:431)
at org.testng.SuiteRunner.privateRun(SuiteRunner.java:391)
at org.testng.SuiteRunner.run(SuiteRunner.java:330)
at org.testng.SuiteRunnerWorker.runSuite(SuiteRunnerWorker.java:52)
at org.testng.SuiteRunnerWorker.run(SuiteRunnerWorker.java:95)
at org.testng.TestNG.runSuitesSequentially(TestNG.java:1256)
at org.testng.TestNG.runSuitesLocally(TestNG.java:1176)
at org.testng.TestNG.runSuites(TestNG.java:1099)
at org.testng.TestNG.run(TestNG.java:1067)
at org.testng.remote.AbstractRemoteTestNG.run(AbstractRemoteTestNG.java:115)
at org.testng.remote.RemoteTestNG.initAndRun(RemoteTestNG.java:251)
at org.testng.remote.RemoteTestNG.main(RemoteTestNG.java:77)
]]>
            </full-stacktrace>
          </exception> <!-- java.lang.IllegalArgumentException -->
          <reporter-output>
          </reporter-output>
        </test-method> <!-- SeatSelector -->
        <test-method signature="SourceandDestinationDetails()[pri:49, instance:com.app.BusBooking.Testing.HomePageTest@1a75e76a]" started-at="2023-11-18T13:29:44 IST" name="SourceandDestinationDetails" finished-at="2023-11-18T13:29:48 IST" duration-ms="4065" status="PASS">
          <reporter-output>
          </reporter-output>
        </test-method> <!-- SourceandDestinationDetails -->
        <test-method signature="Searchbutton()[pri:50, instance:com.app.BusBooking.Testing.HomePageTest@1a75e76a]" started-at="2023-11-18T13:29:48 IST" name="Searchbutton" finished-at="2023-11-18T13:29:48 IST" duration-ms="84" status="PASS">
          <reporter-output>
          </reporter-output>
        </test-method> <!-- Searchbutton -->
        <test-method signature="BusandSeatSelection()[pri:51, instance:com.app.BusBooking.Testing.HomePageTest@1a75e76a]" started-at="2023-11-18T13:29:48 IST" name="BusandSeatSelection" finished-at="2023-11-18T13:29:52 IST" duration-ms="4498" status="PASS">
          <reporter-output>
          </reporter-output>
        </test-method> <!-- BusandSeatSelection -->
      </class> <!-- com.app.BusBooking.Testing.HomePageTest -->
    </test> <!-- Default test -->
  </suite> <!-- Default suite -->
</testng-results>
